# JRE version: Java(TM) SE Runtime Environment (8.0_181-b13) (build 1.8.0_181-b13)
# Java VM: Java HotSpot(TM) 64-Bit Server VM (25.181-b13 mixed mode windows-amd64 compressed oops)
Heap:
 PSYoungGen      total 71680K, used 61709K [0x00000000d5e00000, 0x00000000da900000, 0x0000000100000000)
  eden space 66560K, 85% used [0x00000000d5e00000,0x00000000d9547358,0x00000000d9f00000)
  from space 5120K, 99% used [0x00000000d9f00000,0x00000000da3fc150,0x00000000da400000)
  to   space 5120K, 0% used [0x00000000da400000,0x00000000da400000,0x00000000da900000)
 ParOldGen       total 78336K, used 33258K [0x0000000081a00000, 0x0000000086680000, 0x00000000d5e00000)
  object space 78336K, 42% used [0x0000000081a00000,0x0000000083a7aa30,0x0000000086680000)
 Metaspace       used 24744K, capacity 25516K, committed 25648K, reserved 1071104K
  class space    used 2850K, capacity 3029K, committed 3120K, reserved 1048576K
GC Heap History (10 events):
Event: 6.679 GC heap before
{Heap before GC invocations=6 (full 0):
 PSYoungGen      total 71680K, used 71656K [0x00000000d5e00000, 0x00000000da900000, 0x0000000100000000)
  eden space 66560K, 100% used [0x00000000d5e00000,0x00000000d9f00000,0x00000000d9f00000)
  from space 5120K, 99% used [0x00000000d9f00000,0x00000000da3fa060,0x00000000da400000)
  to   space 5120K, 0% used [0x00000000da400000,0x00000000da400000,0x00000000da900000)
 ParOldGen       total 87552K, used 12781K [0x0000000081a00000, 0x0000000086f80000, 0x00000000d5e00000)
  object space 87552K, 14% used [0x0000000081a00000,0x000000008267b7d8,0x0000000086f80000)
 Metaspace       used 16637K, capacity 17070K, committed 17280K, reserved 1064960K
  class space    used 1947K, capacity 2054K, committed 2176K, reserved 1048576K
Event: 6.698 GC heap after
Heap after GC invocations=6 (full 0):
 PSYoungGen      total 71680K, used 5112K [0x00000000d5e00000, 0x00000000da900000, 0x0000000100000000)
  eden space 66560K, 0% used [0x00000000d5e00000,0x00000000d5e00000,0x00000000d9f00000)
  from space 5120K, 99% used [0x00000000da400000,0x00000000da8fe070,0x00000000da900000)
  to   space 5120K, 0% used [0x00000000d9f00000,0x00000000d9f00000,0x00000000da400000)
 ParOldGen       total 87552K, used 17411K [0x0000000081a00000, 0x0000000086f80000, 0x00000000d5e00000)
  object space 87552K, 19% used [0x0000000081a00000,0x0000000082b00f30,0x0000000086f80000)
 Metaspace       used 16637K, capacity 17070K, committed 17280K, reserved 1064960K
  class space    used 1947K, capacity 2054K, committed 2176K, reserved 1048576K
}
Event: 8.563 GC heap before
{Heap before GC invocations=7 (full 0):
 PSYoungGen      total 71680K, used 71672K [0x00000000d5e00000, 0x00000000da900000, 0x0000000100000000)
  eden space 66560K, 100% used [0x00000000d5e00000,0x00000000d9f00000,0x00000000d9f00000)
  from space 5120K, 99% used [0x00000000da400000,0x00000000da8fe070,0x00000000da900000)
  to   space 5120K, 0% used [0x00000000d9f00000,0x00000000d9f00000,0x00000000da400000)
 ParOldGen       total 87552K, used 17411K [0x0000000081a00000, 0x0000000086f80000, 0x00000000d5e00000)
  object space 87552K, 19% used [0x0000000081a00000,0x0000000082b00f30,0x0000000086f80000)
 Metaspace       used 18221K, capacity 18750K, committed 18944K, reserved 1067008K
  class space    used 2083K, capacity 2232K, committed 2304K, reserved 1048576K
Event: 8.583 GC heap after
Heap after GC invocations=7 (full 0):
 PSYoungGen      total 71680K, used 5120K [0x00000000d5e00000, 0x00000000da900000, 0x0000000100000000)
  eden space 66560K, 0% used [0x00000000d5e00000,0x00000000d5e00000,0x00000000d9f00000)
  from space 5120K, 100% used [0x00000000d9f00000,0x00000000da400000,0x00000000da400000)
  to   space 5120K, 0% used [0x00000000da400000,0x00000000da400000,0x00000000da900000)
 ParOldGen       total 87552K, used 21519K [0x0000000081a00000, 0x0000000086f80000, 0x00000000d5e00000)
  object space 87552K, 24% used [0x0000000081a00000,0x0000000082f03f98,0x0000000086f80000)
 Metaspace       used 18221K, capacity 18750K, committed 18944K, reserved 1067008K
  class space    used 2083K, capacity 2232K, committed 2304K, reserved 1048576K
}
Event: 8.863 GC heap before
{Heap before GC invocations=8 (full 0):
 PSYoungGen      total 71680K, used 18564K [0x00000000d5e00000, 0x00000000da900000, 0x0000000100000000)
  eden space 66560K, 20% used [0x00000000d5e00000,0x00000000d6b213c0,0x00000000d9f00000)
  from space 5120K, 100% used [0x00000000d9f00000,0x00000000da400000,0x00000000da400000)
  to   space 5120K, 0% used [0x00000000da400000,0x00000000da400000,0x00000000da900000)
 ParOldGen       total 87552K, used 21519K [0x0000000081a00000, 0x0000000086f80000, 0x00000000d5e00000)
  object space 87552K, 24% used [0x0000000081a00000,0x0000000082f03f98,0x0000000086f80000)
 Metaspace       used 20655K, capacity 21234K, committed 21296K, reserved 1069056K
  class space    used 2449K, capacity 2592K, committed 2608K, reserved 1048576K
Event: 8.876 GC heap after
Heap after GC invocations=8 (full 0):
 PSYoungGen      total 71680K, used 3475K [0x00000000d5e00000, 0x00000000da900000, 0x0000000100000000)
  eden space 66560K, 0% used [0x00000000d5e00000,0x00000000d5e00000,0x00000000d9f00000)
  from space 5120K, 67% used [0x00000000da400000,0x00000000da764ff8,0x00000000da900000)
  to   space 5120K, 0% used [0x00000000d9f00000,0x00000000d9f00000,0x00000000da400000)
 ParOldGen       total 87552K, used 24137K [0x0000000081a00000, 0x0000000086f80000, 0x00000000d5e00000)
  object space 87552K, 27% used [0x0000000081a00000,0x00000000831927d8,0x0000000086f80000)
 Metaspace       used 20655K, capacity 21234K, committed 21296K, reserved 1069056K
  class space    used 2449K, capacity 2592K, committed 2608K, reserved 1048576K
}
Event: 8.876 GC heap before
{Heap before GC invocations=9 (full 1):
 PSYoungGen      total 71680K, used 3475K [0x00000000d5e00000, 0x00000000da900000, 0x0000000100000000)
  eden space 66560K, 0% used [0x00000000d5e00000,0x00000000d5e00000,0x00000000d9f00000)
  from space 5120K, 67% used [0x00000000da400000,0x00000000da764ff8,0x00000000da900000)
  to   space 5120K, 0% used [0x00000000d9f00000,0x00000000d9f00000,0x00000000da400000)
 ParOldGen       total 87552K, used 24137K [0x0000000081a00000, 0x0000000086f80000, 0x00000000d5e00000)
  object space 87552K, 27% used [0x0000000081a00000,0x00000000831927d8,0x0000000086f80000)
 Metaspace       used 20655K, capacity 21234K, committed 21296K, reserved 1069056K
  class space    used 2449K, capacity 2592K, committed 2608K, reserved 1048576K
Event: 9.050 GC heap after
Heap after GC invocations=9 (full 1):
 PSYoungGen      total 71680K, used 0K [0x00000000d5e00000, 0x00000000da900000, 0x0000000100000000)
  eden space 66560K, 0% used [0x00000000d5e00000,0x00000000d5e00000,0x00000000d9f00000)
  from space 5120K, 0% used [0x00000000da400000,0x00000000da400000,0x00000000da900000)
  to   space 5120K, 0% used [0x00000000d9f00000,0x00000000d9f00000,0x00000000da400000)
 ParOldGen       total 78336K, used 22329K [0x0000000081a00000, 0x0000000086680000, 0x00000000d5e00000)
  object space 78336K, 28% used [0x0000000081a00000,0x0000000082fce520,0x0000000086680000)
 Metaspace       used 20655K, capacity 21234K, committed 21296K, reserved 1069056K
  class space    used 2449K, capacity 2592K, committed 2608K, reserved 1048576K
}
Event: 11.028 GC heap before
{Heap before GC invocations=10 (full 1):
 PSYoungGen      total 71680K, used 66560K [0x00000000d5e00000, 0x00000000da900000, 0x0000000100000000)
  eden space 66560K, 100% used [0x00000000d5e00000,0x00000000d9f00000,0x00000000d9f00000)
  from space 5120K, 0% used [0x00000000da400000,0x00000000da400000,0x00000000da900000)
  to   space 5120K, 0% used [0x00000000d9f00000,0x00000000d9f00000,0x00000000da400000)
 ParOldGen       total 78336K, used 22329K [0x0000000081a00000, 0x0000000086680000, 0x00000000d5e00000)
  object space 78336K, 28% used [0x0000000081a00000,0x0000000082fce520,0x0000000086680000)
 Metaspace       used 23711K, capacity 24406K, committed 24496K, reserved 1071104K
  class space    used 2734K, capacity 2924K, committed 2992K, reserved 1048576K
Event: 11.055 GC heap after
Heap after GC invocations=10 (full 1):
 PSYoungGen      total 71680K, used 5104K [0x00000000d5e00000, 0x00000000da900000, 0x0000000100000000)
  eden space 66560K, 0% used [0x00000000d5e00000,0x00000000d5e00000,0x00000000d9f00000)
  from space 5120K, 99% used [0x00000000d9f00000,0x00000000da3fc150,0x00000000da400000)
  to   space 5120K, 0% used [0x00000000da400000,0x00000000da400000,0x00000000da900000)
 ParOldGen       total 78336K, used 33258K [0x0000000081a00000, 0x0000000086680000, 0x00000000d5e00000)
  object space 78336K, 42% used [0x0000000081a00000,0x0000000083a7aa30,0x0000000086680000)
 Metaspace       used 23711K, capacity 24406K, committed 24496K, reserved 1071104K
  class space    used 2734K, capacity 2924K, committed 2992K, reserved 1048576K
}

